<?xml version="1.0" encoding="UTF-8"?>
<!-- Generated by org.testng.reporters.JUnitReportReporter -->
<testsuite hostname="LAPTOP-JN0A0H06" failures="0" tests="1" name="testClasses.SecondTest" time="5.314" errors="0" timestamp="2023-09-21T03:03:25 IST" skipped="0">
  <testcase classname="testClasses.SecondTest" name="sLaunchAmazon" time="5.314"/>
  <system-out/>
</testsuite> <!-- testClasses.SecondTest -->
